  AssetLayer.cpp
C:\SilnikZTGK\Repo\SilnikZTGK\SilnikZTGK\CookingStation\Layers\AssetLayer\AssetLayer.cpp(1,1): warning C4828: Plik zawiera znak rozpoczynający się od przesunięcia 0x525, który jest niedozwolony w bieżącym zestawie znaków źródła (strona kodowa 65001).
C:\SilnikZTGK\Repo\SilnikZTGK\SilnikZTGK\CookingStation\Layers\AssetLayer\AssetLayer.cpp(1,1): warning C4828: Plik zawiera znak rozpoczynający się od przesunięcia 0x52f, który jest niedozwolony w bieżącym zestawie znaków źródła (strona kodowa 65001).
C:\SilnikZTGK\Repo\SilnikZTGK\SilnikZTGK\CookingStation\Layers\AssetLayer\AssetLayer.cpp(1,1): warning C4828: Plik zawiera znak rozpoczynający się od przesunięcia 0x7c1, który jest niedozwolony w bieżącym zestawie znaków źródła (strona kodowa 65001).
C:\SilnikZTGK\Repo\SilnikZTGK\SilnikZTGK\CookingStation\Layers\AssetLayer\AssetLayer.cpp(1,1): warning C4828: Plik zawiera znak rozpoczynający się od przesunięcia 0x7d3, który jest niedozwolony w bieżącym zestawie znaków źródła (strona kodowa 65001).
C:\SilnikZTGK\Repo\SilnikZTGK\SilnikZTGK\CookingStation\Layers\AssetLayer\AssetLayer.cpp(1,1): warning C4828: Plik zawiera znak rozpoczynający się od przesunięcia 0x7e2, który jest niedozwolony w bieżącym zestawie znaków źródła (strona kodowa 65001).
C:\SilnikZTGK\Repo\SilnikZTGK\SilnikZTGK\CookingStation\Layers\AssetLayer\AssetLayer.cpp(1,1): warning C4828: Plik zawiera znak rozpoczynający się od przesunięcia 0x7e7, który jest niedozwolony w bieżącym zestawie znaków źródła (strona kodowa 65001).
C:\SilnikZTGK\Repo\SilnikZTGK\SilnikZTGK\CookingStation\Layers\AssetLayer\AssetLayer.cpp(1,1): warning C4828: Plik zawiera znak rozpoczynający się od przesunięcia 0xbbc, który jest niedozwolony w bieżącym zestawie znaków źródła (strona kodowa 65001).
C:\SilnikZTGK\Repo\SilnikZTGK\SilnikZTGK\CookingStation\Renderer\Shader.h(1,1): warning C4828: Plik zawiera znak rozpoczynający się od przesunięcia 0x131, który jest niedozwolony w bieżącym zestawie znaków źródła (strona kodowa 65001).
  (kompilowanie pliku źródłowego „CookingStation/Layers/AssetLayer/AssetLayer.cpp”)
  
C:\SilnikZTGK\Repo\SilnikZTGK\SilnikZTGK\CookingStation\Renderer\Shader.h(1,1): warning C4828: Plik zawiera znak rozpoczynający się od przesunięcia 0x186, który jest niedozwolony w bieżącym zestawie znaków źródła (strona kodowa 65001).
  (kompilowanie pliku źródłowego „CookingStation/Layers/AssetLayer/AssetLayer.cpp”)
  
C:\SilnikZTGK\Repo\SilnikZTGK\SilnikZTGK\CookingStation\Renderer\Shader.h(1,1): warning C4828: Plik zawiera znak rozpoczynający się od przesunięcia 0x18a, który jest niedozwolony w bieżącym zestawie znaków źródła (strona kodowa 65001).
  (kompilowanie pliku źródłowego „CookingStation/Layers/AssetLayer/AssetLayer.cpp”)
  
C:\SilnikZTGK\Repo\SilnikZTGK\SilnikZTGK\CookingStation\Renderer\Shader.h(1,1): warning C4828: Plik zawiera znak rozpoczynający się od przesunięcia 0x195, który jest niedozwolony w bieżącym zestawie znaków źródła (strona kodowa 65001).
  (kompilowanie pliku źródłowego „CookingStation/Layers/AssetLayer/AssetLayer.cpp”)
  
C:\SilnikZTGK\Repo\SilnikZTGK\SilnikZTGK\CookingStation\Renderer\Shader.h(1,1): warning C4828: Plik zawiera znak rozpoczynający się od przesunięcia 0x1fc, który jest niedozwolony w bieżącym zestawie znaków źródła (strona kodowa 65001).
  (kompilowanie pliku źródłowego „CookingStation/Layers/AssetLayer/AssetLayer.cpp”)
  
C:\SilnikZTGK\Repo\SilnikZTGK\SilnikZTGK\CookingStation\Renderer\Shader.h(1,1): warning C4828: Plik zawiera znak rozpoczynający się od przesunięcia 0x1fe, który jest niedozwolony w bieżącym zestawie znaków źródła (strona kodowa 65001).
  (kompilowanie pliku źródłowego „CookingStation/Layers/AssetLayer/AssetLayer.cpp”)
  
C:\SilnikZTGK\Repo\SilnikZTGK\SilnikZTGK\CookingStation\Renderer\Shader.h(1,1): warning C4828: Plik zawiera znak rozpoczynający się od przesunięcia 0x20d, który jest niedozwolony w bieżącym zestawie znaków źródła (strona kodowa 65001).
  (kompilowanie pliku źródłowego „CookingStation/Layers/AssetLayer/AssetLayer.cpp”)
  
C:\SilnikZTGK\Repo\SilnikZTGK\SilnikZTGK\CookingStation\Renderer\Shader.h(1,1): warning C4828: Plik zawiera znak rozpoczynający się od przesunięcia 0x2b6, który jest niedozwolony w bieżącym zestawie znaków źródła (strona kodowa 65001).
  (kompilowanie pliku źródłowego „CookingStation/Layers/AssetLayer/AssetLayer.cpp”)
  
C:\SilnikZTGK\Repo\SilnikZTGK\SilnikZTGK\CookingStation\Renderer\Shader.h(1,1): warning C4828: Plik zawiera znak rozpoczynający się od przesunięcia 0x2b9, który jest niedozwolony w bieżącym zestawie znaków źródła (strona kodowa 65001).
  (kompilowanie pliku źródłowego „CookingStation/Layers/AssetLayer/AssetLayer.cpp”)
  
C:\SilnikZTGK\Repo\SilnikZTGK\SilnikZTGK\CookingStation\Renderer\Shader.h(1,1): warning C4828: Plik zawiera znak rozpoczynający się od przesunięcia 0x3a3, który jest niedozwolony w bieżącym zestawie znaków źródła (strona kodowa 65001).
  (kompilowanie pliku źródłowego „CookingStation/Layers/AssetLayer/AssetLayer.cpp”)
  
C:\SilnikZTGK\Repo\SilnikZTGK\SilnikZTGK\CookingStation\Renderer\Shader.h(1,1): warning C4828: Plik zawiera znak rozpoczynający się od przesunięcia 0x461, który jest niedozwolony w bieżącym zestawie znaków źródła (strona kodowa 65001).
  (kompilowanie pliku źródłowego „CookingStation/Layers/AssetLayer/AssetLayer.cpp”)
  
C:\SilnikZTGK\Repo\SilnikZTGK\SilnikZTGK\CookingStation\Renderer\Shader.h(1,1): warning C4828: Plik zawiera znak rozpoczynający się od przesunięcia 0x462, który jest niedozwolony w bieżącym zestawie znaków źródła (strona kodowa 65001).
  (kompilowanie pliku źródłowego „CookingStation/Layers/AssetLayer/AssetLayer.cpp”)
  
C:\SilnikZTGK\Repo\SilnikZTGK\SilnikZTGK\CookingStation\Renderer\Shader.h(1,1): warning C4828: Plik zawiera znak rozpoczynający się od przesunięcia 0x707, który jest niedozwolony w bieżącym zestawie znaków źródła (strona kodowa 65001).
  (kompilowanie pliku źródłowego „CookingStation/Layers/AssetLayer/AssetLayer.cpp”)
  
C:\SilnikZTGK\Repo\SilnikZTGK\SilnikZTGK\CookingStation\Renderer\Shader.h(1,1): warning C4828: Plik zawiera znak rozpoczynający się od przesunięcia 0x942, który jest niedozwolony w bieżącym zestawie znaków źródła (strona kodowa 65001).
  (kompilowanie pliku źródłowego „CookingStation/Layers/AssetLayer/AssetLayer.cpp”)
  
C:\SilnikZTGK\Repo\SilnikZTGK\SilnikZTGK\CookingStation\Renderer\Shader.h(1,1): warning C4828: Plik zawiera znak rozpoczynający się od przesunięcia 0x943, który jest niedozwolony w bieżącym zestawie znaków źródła (strona kodowa 65001).
  (kompilowanie pliku źródłowego „CookingStation/Layers/AssetLayer/AssetLayer.cpp”)
  
C:\SilnikZTGK\Repo\SilnikZTGK\SilnikZTGK\CookingStation\Renderer\Shader.h(1,1): warning C4828: Plik zawiera znak rozpoczynający się od przesunięcia 0xa24, który jest niedozwolony w bieżącym zestawie znaków źródła (strona kodowa 65001).
  (kompilowanie pliku źródłowego „CookingStation/Layers/AssetLayer/AssetLayer.cpp”)
  
C:\SilnikZTGK\Repo\SilnikZTGK\SilnikZTGK\CookingStation\Renderer\Shader.h(1,1): warning C4828: Plik zawiera znak rozpoczynający się od przesunięcia 0xa28, który jest niedozwolony w bieżącym zestawie znaków źródła (strona kodowa 65001).
  (kompilowanie pliku źródłowego „CookingStation/Layers/AssetLayer/AssetLayer.cpp”)
  
C:\SilnikZTGK\Repo\SilnikZTGK\SilnikZTGK\CookingStation\Renderer\Shader.h(1,1): warning C4828: Plik zawiera znak rozpoczynający się od przesunięcia 0xa2c, który jest niedozwolony w bieżącym zestawie znaków źródła (strona kodowa 65001).
  (kompilowanie pliku źródłowego „CookingStation/Layers/AssetLayer/AssetLayer.cpp”)
  
C:\SilnikZTGK\Repo\SilnikZTGK\SilnikZTGK\CookingStation\Renderer\Shader.h(1,1): warning C4828: Plik zawiera znak rozpoczynający się od przesunięcia 0xa2d, który jest niedozwolony w bieżącym zestawie znaków źródła (strona kodowa 65001).
  (kompilowanie pliku źródłowego „CookingStation/Layers/AssetLayer/AssetLayer.cpp”)
  
C:\SilnikZTGK\Repo\SilnikZTGK\SilnikZTGK\CookingStation\Renderer\Shader.h(1,1): warning C4828: Plik zawiera znak rozpoczynający się od przesunięcia 0xaf0, który jest niedozwolony w bieżącym zestawie znaków źródła (strona kodowa 65001).
  (kompilowanie pliku źródłowego „CookingStation/Layers/AssetLayer/AssetLayer.cpp”)
  
C:\SilnikZTGK\Repo\SilnikZTGK\SilnikZTGK\CookingStation\Renderer\Shader.h(1,1): warning C4828: Plik zawiera znak rozpoczynający się od przesunięcia 0xb0b, który jest niedozwolony w bieżącym zestawie znaków źródła (strona kodowa 65001).
  (kompilowanie pliku źródłowego „CookingStation/Layers/AssetLayer/AssetLayer.cpp”)
  
C:\SilnikZTGK\Repo\SilnikZTGK\SilnikZTGK\CookingStation\Renderer\Shader.h(1,1): warning C4828: Plik zawiera znak rozpoczynający się od przesunięcia 0xfa3, który jest niedozwolony w bieżącym zestawie znaków źródła (strona kodowa 65001).
  (kompilowanie pliku źródłowego „CookingStation/Layers/AssetLayer/AssetLayer.cpp”)
  
C:\SilnikZTGK\Repo\SilnikZTGK\SilnikZTGK\CookingStation\Renderer\Shader.h(1,1): warning C4828: Plik zawiera znak rozpoczynający się od przesunięcia 0xfae, który jest niedozwolony w bieżącym zestawie znaków źródła (strona kodowa 65001).
  (kompilowanie pliku źródłowego „CookingStation/Layers/AssetLayer/AssetLayer.cpp”)
  
C:\SilnikZTGK\Repo\SilnikZTGK\SilnikZTGK\CookingStation\Renderer\Shader.h(1,1): warning C4828: Plik zawiera znak rozpoczynający się od przesunięcia 0xfaf, który jest niedozwolony w bieżącym zestawie znaków źródła (strona kodowa 65001).
  (kompilowanie pliku źródłowego „CookingStation/Layers/AssetLayer/AssetLayer.cpp”)
  
C:\SilnikZTGK\Repo\SilnikZTGK\SilnikZTGK\CookingStation\Renderer\Shader.h(59,14): warning C4101: "infoLog": lokalna zmienna, do której nie istnieje odwołanie
  (kompilowanie pliku źródłowego „CookingStation/Layers/AssetLayer/AssetLayer.cpp”)
  
C:\SilnikZTGK\Repo\SilnikZTGK\SilnikZTGK\CookingStation\Renderer\Shader.h(58,13): warning C4101: "success": lokalna zmienna, do której nie istnieje odwołanie
  (kompilowanie pliku źródłowego „CookingStation/Layers/AssetLayer/AssetLayer.cpp”)
  
C:\SilnikZTGK\Repo\SilnikZTGK\SilnikZTGK\CookingStation\Renderer\Buffer.h(1,1): warning C4828: Plik zawiera znak rozpoczynający się od przesunięcia 0x946, który jest niedozwolony w bieżącym zestawie znaków źródła (strona kodowa 65001).
  (kompilowanie pliku źródłowego „CookingStation/Layers/AssetLayer/AssetLayer.cpp”)
  
C:\SilnikZTGK\Repo\SilnikZTGK\SilnikZTGK\CookingStation\Core\Texture.h(1,1): warning C4828: Plik zawiera znak rozpoczynający się od przesunięcia 0x106, który jest niedozwolony w bieżącym zestawie znaków źródła (strona kodowa 65001).
  (kompilowanie pliku źródłowego „CookingStation/Layers/AssetLayer/AssetLayer.cpp”)
  
C:\SilnikZTGK\Repo\SilnikZTGK\SilnikZTGK\CookingStation\Core\Texture.h(1,1): warning C4828: Plik zawiera znak rozpoczynający się od przesunięcia 0x10a, który jest niedozwolony w bieżącym zestawie znaków źródła (strona kodowa 65001).
  (kompilowanie pliku źródłowego „CookingStation/Layers/AssetLayer/AssetLayer.cpp”)
  
C:\SilnikZTGK\Repo\SilnikZTGK\SilnikZTGK\CookingStation\Core\Texture.h(1,1): warning C4828: Plik zawiera znak rozpoczynający się od przesunięcia 0x10b, który jest niedozwolony w bieżącym zestawie znaków źródła (strona kodowa 65001).
  (kompilowanie pliku źródłowego „CookingStation/Layers/AssetLayer/AssetLayer.cpp”)
  
C:\SilnikZTGK\Repo\SilnikZTGK\SilnikZTGK\CookingStation\Scene\ecs.h(1,1): warning C4828: Plik zawiera znak rozpoczynający się od przesunięcia 0x762, który jest niedozwolony w bieżącym zestawie znaków źródła (strona kodowa 65001).
  (kompilowanie pliku źródłowego „CookingStation/Layers/AssetLayer/AssetLayer.cpp”)
  
C:\SilnikZTGK\Repo\SilnikZTGK\SilnikZTGK\CookingStation\Scene\ecs.h(1,1): warning C4828: Plik zawiera znak rozpoczynający się od przesunięcia 0x768, który jest niedozwolony w bieżącym zestawie znaków źródła (strona kodowa 65001).
  (kompilowanie pliku źródłowego „CookingStation/Layers/AssetLayer/AssetLayer.cpp”)
  
C:\SilnikZTGK\Repo\SilnikZTGK\SilnikZTGK\CookingStation\Scene\ecs.h(1,1): warning C4828: Plik zawiera znak rozpoczynający się od przesunięcia 0x8a4, który jest niedozwolony w bieżącym zestawie znaków źródła (strona kodowa 65001).
  (kompilowanie pliku źródłowego „CookingStation/Layers/AssetLayer/AssetLayer.cpp”)
  
C:\SilnikZTGK\Repo\SilnikZTGK\SilnikZTGK\CookingStation\Scene\ecs.h(1,1): warning C4828: Plik zawiera znak rozpoczynający się od przesunięcia 0x8fb, który jest niedozwolony w bieżącym zestawie znaków źródła (strona kodowa 65001).
  (kompilowanie pliku źródłowego „CookingStation/Layers/AssetLayer/AssetLayer.cpp”)
  
C:\SilnikZTGK\Repo\SilnikZTGK\SilnikZTGK\CookingStation\Scene\ecs.h(1,1): warning C4828: Plik zawiera znak rozpoczynający się od przesunięcia 0x903, który jest niedozwolony w bieżącym zestawie znaków źródła (strona kodowa 65001).
  (kompilowanie pliku źródłowego „CookingStation/Layers/AssetLayer/AssetLayer.cpp”)
  
C:\SilnikZTGK\Repo\SilnikZTGK\SilnikZTGK\CookingStation\Scene\ecs.h(1,1): warning C4828: Plik zawiera znak rozpoczynający się od przesunięcia 0x908, który jest niedozwolony w bieżącym zestawie znaków źródła (strona kodowa 65001).
  (kompilowanie pliku źródłowego „CookingStation/Layers/AssetLayer/AssetLayer.cpp”)
  
C:\SilnikZTGK\Repo\SilnikZTGK\SilnikZTGK\CookingStation\Scene\ecs.h(1,1): warning C4828: Plik zawiera znak rozpoczynający się od przesunięcia 0xa5d, który jest niedozwolony w bieżącym zestawie znaków źródła (strona kodowa 65001).
  (kompilowanie pliku źródłowego „CookingStation/Layers/AssetLayer/AssetLayer.cpp”)
  
C:\SilnikZTGK\Repo\SilnikZTGK\SilnikZTGK\CookingStation\Scene\ecs.h(1,1): warning C4828: Plik zawiera znak rozpoczynający się od przesunięcia 0xa6d, który jest niedozwolony w bieżącym zestawie znaków źródła (strona kodowa 65001).
  (kompilowanie pliku źródłowego „CookingStation/Layers/AssetLayer/AssetLayer.cpp”)
  
C:\SilnikZTGK\Repo\SilnikZTGK\SilnikZTGK\CookingStation\Scene\ecs.h(1,1): warning C4828: Plik zawiera znak rozpoczynający się od przesunięcia 0xa79, który jest niedozwolony w bieżącym zestawie znaków źródła (strona kodowa 65001).
  (kompilowanie pliku źródłowego „CookingStation/Layers/AssetLayer/AssetLayer.cpp”)
  
C:\SilnikZTGK\Repo\SilnikZTGK\SilnikZTGK\CookingStation\Scene\ecs.h(1,1): warning C4828: Plik zawiera znak rozpoczynający się od przesunięcia 0xa7c, który jest niedozwolony w bieżącym zestawie znaków źródła (strona kodowa 65001).
  (kompilowanie pliku źródłowego „CookingStation/Layers/AssetLayer/AssetLayer.cpp”)
  
C:\SilnikZTGK\Repo\SilnikZTGK\SilnikZTGK\CookingStation\Scene\ecs.h(1,1): warning C4828: Plik zawiera znak rozpoczynający się od przesunięcia 0xb04, który jest niedozwolony w bieżącym zestawie znaków źródła (strona kodowa 65001).
  (kompilowanie pliku źródłowego „CookingStation/Layers/AssetLayer/AssetLayer.cpp”)
  
C:\SilnikZTGK\Repo\SilnikZTGK\SilnikZTGK\CookingStation\Scene\ecs.h(1,1): warning C4828: Plik zawiera znak rozpoczynający się od przesunięcia 0xb11, który jest niedozwolony w bieżącym zestawie znaków źródła (strona kodowa 65001).
  (kompilowanie pliku źródłowego „CookingStation/Layers/AssetLayer/AssetLayer.cpp”)
  
C:\SilnikZTGK\Repo\SilnikZTGK\SilnikZTGK\CookingStation\Scene\ecs.h(1,1): warning C4828: Plik zawiera znak rozpoczynający się od przesunięcia 0x12ef, który jest niedozwolony w bieżącym zestawie znaków źródła (strona kodowa 65001).
  (kompilowanie pliku źródłowego „CookingStation/Layers/AssetLayer/AssetLayer.cpp”)
  
C:\Program Files (x86)\Windows Kits\10\Include\10.0.26100.0\shared\minwindef.h(130,9): warning C4005: "APIENTRY": ponowna definicja makra
  (kompilowanie pliku źródłowego „CookingStation/Layers/AssetLayer/AssetLayer.cpp”)
      C:\SilnikZTGK\Repo\SilnikZTGK\SilnikZTGK\glad\glad.h(32,9):
      zobacz poprzednią definicję „APIENTRY”
  
C:\SilnikZTGK\Repo\SilnikZTGK\SilnikZTGK\CookingStation\Scene\Scene.h(6,7): warning C4099: "Entity": nazwa typu najpierw widoczna przy użyciu "struct" teraz widoczna przy użyciu "class"
  (kompilowanie pliku źródłowego „CookingStation/Layers/AssetLayer/AssetLayer.cpp”)
      C:\SilnikZTGK\Repo\SilnikZTGK\SilnikZTGK\CookingStation\Scene\ecs.h(12,8):
      zobacz deklarację „Entity”
  
C:\SilnikZTGK\Repo\SilnikZTGK\SilnikZTGK\CookingStation\Core\Physics.h(1,1): warning C4828: Plik zawiera znak rozpoczynający się od przesunięcia 0x3d0, który jest niedozwolony w bieżącym zestawie znaków źródła (strona kodowa 65001).
  (kompilowanie pliku źródłowego „CookingStation/Layers/AssetLayer/AssetLayer.cpp”)
  
C:\SilnikZTGK\Repo\SilnikZTGK\SilnikZTGK\CookingStation\Core\Physics.h(1,1): warning C4828: Plik zawiera znak rozpoczynający się od przesunięcia 0x453, który jest niedozwolony w bieżącym zestawie znaków źródła (strona kodowa 65001).
  (kompilowanie pliku źródłowego „CookingStation/Layers/AssetLayer/AssetLayer.cpp”)
  
C:\SilnikZTGK\Repo\SilnikZTGK\SilnikZTGK\CookingStation\Core\Physics.h(1,1): warning C4828: Plik zawiera znak rozpoczynający się od przesunięcia 0x5d8, który jest niedozwolony w bieżącym zestawie znaków źródła (strona kodowa 65001).
  (kompilowanie pliku źródłowego „CookingStation/Layers/AssetLayer/AssetLayer.cpp”)
  
C:\SilnikZTGK\Repo\SilnikZTGK\SilnikZTGK\CookingStation\Core\Physics.h(1,1): warning C4828: Plik zawiera znak rozpoczynający się od przesunięcia 0x5ef, który jest niedozwolony w bieżącym zestawie znaków źródła (strona kodowa 65001).
  (kompilowanie pliku źródłowego „CookingStation/Layers/AssetLayer/AssetLayer.cpp”)
  
C:\SilnikZTGK\Repo\SilnikZTGK\SilnikZTGK\CookingStation\Core\Physics.h(1,1): warning C4828: Plik zawiera znak rozpoczynający się od przesunięcia 0x5fb, który jest niedozwolony w bieżącym zestawie znaków źródła (strona kodowa 65001).
  (kompilowanie pliku źródłowego „CookingStation/Layers/AssetLayer/AssetLayer.cpp”)
  
C:\SilnikZTGK\Repo\SilnikZTGK\SilnikZTGK\CookingStation\Core\Physics.h(1,1): warning C4828: Plik zawiera znak rozpoczynający się od przesunięcia 0x636, który jest niedozwolony w bieżącym zestawie znaków źródła (strona kodowa 65001).
  (kompilowanie pliku źródłowego „CookingStation/Layers/AssetLayer/AssetLayer.cpp”)
  
C:\Program Files\Microsoft Visual Studio\2022\Community\VC\Tools\MSVC\14.44.35207\include\xutility(476,82): warning C4267: "argument": konwersja z "size_t" do "uint32_t", możliwa utrata danych
  (kompilowanie pliku źródłowego „CookingStation/Layers/AssetLayer/AssetLayer.cpp”)
      C:\Program Files\Microsoft Visual Studio\2022\Community\VC\Tools\MSVC\14.44.35207\include\xutility(476,82):
      kontekst tworzenia wystąpienia szablonu (najpierw najstarszy) to
          C:\SilnikZTGK\Repo\SilnikZTGK\SilnikZTGK\CookingStation\Renderer\Mesh.h(114,29):
          zobacz odwołanie do kompilowanego tworzenia wystąpienia „std::shared_ptr<VertexBuffer> std::make_shared<VertexBuffer,float*,unsigned __int64>(float *&&,unsigned __int64 &&)” funkcji szablon
          C:\Program Files\Microsoft Visual Studio\2022\Community\VC\Tools\MSVC\14.44.35207\include\memory(2913,46):
          zobacz odwołanie do kompilowanego tworzenia wystąpienia „std::_Ref_count_obj2<VertexBuffer>::_Ref_count_obj2<_Ty,unsigned __int64>(_Ty &&,unsigned __int64 &&)” funkcji szablon
          with
          [
              _Ty=float *
          ]
          C:\Program Files\Microsoft Visual Studio\2022\Community\VC\Tools\MSVC\14.44.35207\include\memory(2100,18):
          zobacz odwołanie do kompilowanego tworzenia wystąpienia „void std::_Construct_in_place<_Ty,float*,unsigned __int64>(_Ty &,float *&&,unsigned __int64 &&) noexcept(false)” funkcji szablon
          with
          [
              _Ty=VertexBuffer
          ]
  
  SilnikZTGK.vcxproj -> C:\SilnikZTGK\Repo\SilnikZTGK\x64\Debug\SilnikZTGK.exe
  'pwsh.exe' is not recognized as an internal or external command,
  operable program or batch file.
