c:\silnik\silnikztgk\silnikztgk\x64\debug\vc143.pdb
c:\silnik\silnikztgk\silnikztgk\x64\debug\vc143.idb
c:\silnik\silnikztgk\silnikztgk\x64\debug\window.obj
c:\silnik\silnikztgk\silnikztgk\x64\debug\main.obj
c:\silnik\silnikztgk\silnikztgk\x64\debug\layer.obj
c:\silnik\silnikztgk\silnikztgk\x64\debug\input.obj
c:\silnik\silnikztgk\silnikztgk\x64\debug\gettingstarted.obj
c:\silnik\silnikztgk\silnikztgk\x64\debug\cameralayer.obj
c:\silnik\silnikztgk\silnikztgk\x64\debug\application.obj
c:\silnik\silnikztgk\silnikztgk\x64\debug\assetlayer.obj
c:\silnik\silnikztgk\silnikztgk\x64\debug\assetmanager.obj
c:\silnik\silnikztgk\silnikztgk\x64\debug\glad.obj
c:\silnik\silnikztgk\silnikztgk\x64\debug\stb_image_impl.obj
c:\silnik\silnikztgk\silnikztgk\x64\debug\sceneserializer.obj
c:\silnikztgk\repo\silnikztgk\silnikztgk\x64\debug\vc143.pdb
c:\silnikztgk\repo\silnikztgk\silnikztgk\x64\debug\vc143.idb
c:\silnikztgk\repo\silnikztgk\silnikztgk\x64\debug\glad.obj
c:\silnikztgk\repo\silnikztgk\silnikztgk\x64\debug\layer.obj
c:\silnikztgk\repo\silnikztgk\silnikztgk\x64\debug\gettingstarted.obj
c:\silnikztgk\repo\silnikztgk\silnikztgk\x64\debug\ecs.obj
c:\silnikztgk\repo\silnikztgk\silnikztgk\x64\debug\stb_image_impl.obj
c:\silnikztgk\repo\silnikztgk\silnikztgk\x64\debug\input.obj
c:\silnikztgk\repo\silnikztgk\silnikztgk\x64\debug\main.obj
c:\silnikztgk\repo\silnikztgk\silnikztgk\x64\debug\window.obj
c:\silnik\silnikztgk\x64\debug\silnikztgk.exe
c:\silnik\silnikztgk\x64\debug\silnikztgk.pdb
c:\silnikztgk\repo\silnikztgk\x64\debug\silnikztgk.exe
c:\silnikztgk\repo\silnikztgk\x64\debug\silnikztgk.pdb
c:\silnikztgk\silnikztgk\x64\debug\glfw3.dll
c:\silnikztgk\silnikztgk\x64\debug\assimp-vc143-mtd.dll
c:\silnikztgk\silnikztgk\x64\debug\poly2tri.dll
c:\silnikztgk\silnikztgk\x64\debug\minizip.dll
c:\silnikztgk\silnikztgk\x64\debug\zlibd1.dll
c:\silnikztgk\silnikztgk\x64\debug\kubazip.dll
c:\silnikztgk\silnikztgk\x64\debug\pugixml.dll
c:\silnikztgk\repo\silnikztgk\x64\debug\glfw3.dll
c:\sem6\silnikztgk\x64\debug\glfw3.dll
c:\silnik\silnikztgk\x64\debug\glfw3.dll
c:\silnik\silnikztgk\x64\debug\assimp-vc143-mtd.dll
c:\silnik\silnikztgk\x64\debug\poly2tri.dll
c:\silnik\silnikztgk\x64\debug\minizip.dll
c:\silnik\silnikztgk\x64\debug\zlibd1.dll
c:\silnik\silnikztgk\x64\debug\kubazip.dll
c:\silnik\silnikztgk\x64\debug\pugixml.dll
c:\silnikztgk\repo\silnikztgk\x64\debug\assimp-vc143-mtd.dll
c:\silnikztgk\repo\silnikztgk\x64\debug\poly2tri.dll
c:\silnikztgk\repo\silnikztgk\x64\debug\minizip.dll
c:\silnikztgk\repo\silnikztgk\x64\debug\zlibd1.dll
c:\silnikztgk\repo\silnikztgk\x64\debug\kubazip.dll
c:\silnikztgk\repo\silnikztgk\x64\debug\pugixml.dll
c:\silnikztgk\repo\silnikztgk\silnikztgk\x64\debug\silnikztgk.ilk
c:\silnikztgk\repo\silnikztgk\silnikztgk\x64\debug\application.obj
c:\silnikztgk\repo\silnikztgk\silnikztgk\x64\debug\assetlayer.obj
c:\silnikztgk\repo\silnikztgk\silnikztgk\x64\debug\assetmanager.obj
c:\silnikztgk\repo\silnikztgk\silnikztgk\x64\debug\cameralayer.obj
c:\silnikztgk\repo\silnikztgk\silnikztgk\x64\debug\scene.obj
c:\silnikztgk\repo\silnikztgk\silnikztgk\x64\debug\sceneserializer.obj
c:\silnikztgk\repo\silnikztgk\silnikztgk\x64\debug\silnikztgk.tlog\cl.command.1.tlog
c:\silnikztgk\repo\silnikztgk\silnikztgk\x64\debug\silnikztgk.tlog\cl.items.tlog
c:\silnikztgk\repo\silnikztgk\silnikztgk\x64\debug\silnikztgk.tlog\cl.read.1.tlog
c:\silnikztgk\repo\silnikztgk\silnikztgk\x64\debug\silnikztgk.tlog\cl.write.1.tlog
c:\silnikztgk\repo\silnikztgk\silnikztgk\x64\debug\silnikztgk.tlog\link.command.1.tlog
c:\silnikztgk\repo\silnikztgk\silnikztgk\x64\debug\silnikztgk.tlog\link.read.1.tlog
c:\silnikztgk\repo\silnikztgk\silnikztgk\x64\debug\silnikztgk.tlog\link.secondary.1.tlog
c:\silnikztgk\repo\silnikztgk\silnikztgk\x64\debug\silnikztgk.tlog\link.write.1.tlog
c:\silnikztgk\repo\silnikztgk\silnikztgk\x64\debug\silnikztgk.tlog\silnikztgk.write.1u.tlog
